2017-05-17 11:12:13,874: log.pubsub.bridge   : MainProcess                     : MainThread     : INFO    : python.interpreter   version: 2.7.7 |Continuum Analytics, Inc.| (default, Jun 2 2014, 12:34:02) [GCC 4.1.2 20080704 (Red Hat 4.1.2-54)]
2017-05-17 11:12:13,881: log.pubsub.bridge   : MainProcess                     : MainThread     : INFO    :                      pid: 107982
2017-05-17 11:12:13,881: log.pubsub.bridge   : MainProcess                     : MainThread     : INFO    :                      tid: MainThread
2017-05-17 11:12:13,881: log.pubsub.bridge   : MainProcess                     : MainThread     : INFO    : radical.pilot        version: split-71-gfdd36239@devel
2017-05-17 11:12:13,881: log.pubsub.bridge   : MainProcess                     : MainThread     : INFO    : create log_pubsub - bridge - tcp://*:*
2017-05-17 11:12:13,881: log.pubsub.bridge   : MainProcess                     : MainThread     : DEBUG   : start process
2017-05-17 11:12:13,884: log.pubsub.bridge   : log.pubsub.bridge               : MainThread     : INFO    : child (me) initializing
2017-05-17 11:12:13,885: log.pubsub.bridge   : log.pubsub.bridge               : MainThread     : DEBUG   : start thread
2017-05-17 11:12:13,885: log.pubsub.bridge   : log.pubsub.bridge               : log.pubsub.bridge.child.watch: INFO    : child (me) initializing
2017-05-17 11:12:13,886: log.pubsub.bridge   : log.pubsub.bridge               : log.pubsub.bridge.child.watch: DEBUG   : ru_initialize_common (NOOP)
2017-05-17 11:12:13,886: log.pubsub.bridge   : log.pubsub.bridge               : log.pubsub.bridge.child.watch: DEBUG   : ru_initialize_child (NOOP)
2017-05-17 11:12:13,886: log.pubsub.bridge   : log.pubsub.bridge               : log.pubsub.bridge.child.watch: INFO    : send alive
2017-05-17 11:12:13,886: log.pubsub.bridge   : log.pubsub.bridge               : log.pubsub.bridge.child.watch: INFO    : send message: alive
2017-05-17 11:12:13,887: log.pubsub.bridge   : log.pubsub.bridge               : MainThread     : INFO    : recv message: alive
2017-05-17 11:12:13,887: log.pubsub.bridge   : log.pubsub.bridge               : MainThread     : DEBUG   : ru_initialize_common (NOOP)
2017-05-17 11:12:13,887: log.pubsub.bridge   : log.pubsub.bridge               : MainThread     : DEBUG   : ru_initialize_parent (NOOP)
2017-05-17 11:12:13,887: log.pubsub.bridge   : log.pubsub.bridge               : MainThread     : DEBUG   : child thread log.pubsub.bridge.child.watch started
2017-05-17 11:12:13,887: log.pubsub.bridge   : log.pubsub.bridge               : MainThread     : INFO    : child (me) is alive
2017-05-17 11:12:13,887: log.pubsub.bridge   : log.pubsub.bridge               : MainThread     : DEBUG   : ru_initialize_common (NOOP)
2017-05-17 11:12:13,893: log.pubsub.bridge   : log.pubsub.bridge.child         : MainThread     : INFO    : send alive
2017-05-17 11:12:13,893: log.pubsub.bridge   : log.pubsub.bridge.child         : MainThread     : INFO    : send message: alive
2017-05-17 11:12:13,894: log.pubsub.bridge   : MainProcess                     : MainThread     : INFO    : recv message: alive
2017-05-17 11:12:13,894: log.pubsub.bridge   : MainProcess                     : MainThread     : DEBUG   : start thread
2017-05-17 11:12:13,894: log.pubsub.bridge   : MainProcess                     : log.pubsub.bridge.watch: INFO    : child (me) initializing
2017-05-17 11:12:13,895: log.pubsub.bridge   : MainProcess                     : log.pubsub.bridge.watch: DEBUG   : ru_initialize_common (NOOP)
2017-05-17 11:12:13,895: log.pubsub.bridge   : MainProcess                     : log.pubsub.bridge.watch: DEBUG   : ru_initialize_child (NOOP)
2017-05-17 11:12:13,895: log.pubsub.bridge   : MainProcess                     : log.pubsub.bridge.watch: INFO    : send alive
2017-05-17 11:12:13,895: log.pubsub.bridge   : MainProcess                     : log.pubsub.bridge.watch: INFO    : send message: alive
2017-05-17 11:12:13,896: log.pubsub.bridge   : MainProcess                     : MainThread     : INFO    : recv message: alive
2017-05-17 11:12:13,896: log.pubsub.bridge   : MainProcess                     : MainThread     : DEBUG   : ru_initialize_common (NOOP)
2017-05-17 11:12:13,896: log.pubsub.bridge   : MainProcess                     : MainThread     : DEBUG   : ru_initialize_parent (NOOP)
2017-05-17 11:12:13,896: log.pubsub.bridge   : MainProcess                     : MainThread     : DEBUG   : child thread log.pubsub.bridge.watch started
2017-05-17 11:12:13,896: log.pubsub.bridge   : MainProcess                     : MainThread     : INFO    : child is alive
2017-05-17 11:12:13,896: log.pubsub.bridge   : MainProcess                     : MainThread     : DEBUG   : ru_initialize_common (NOOP)
2017-05-17 11:12:13,896: log.pubsub.bridge   : MainProcess                     : MainThread     : DEBUG   : ru_initialize_parent (NOOP)
2017-05-17 11:12:13,896: log.pubsub.bridge   : MainProcess                     : MainThread     : DEBUG   : child process started
2017-05-17 11:12:24,902: log.pubsub.bridge   : log.pubsub.bridge.child         : MainThread     : DEBUG   : ru_finalize_child (NOOP)
2017-05-17 11:12:24,902: log.pubsub.bridge   : log.pubsub.bridge.child         : MainThread     : DEBUG   : ru_finalize_common (NOOP)
2017-05-17 11:12:24,902: log.pubsub.bridge   : log.pubsub.bridge.child         : MainThread     : INFO    : send message: terminating
2017-05-17 11:12:25,000: log.pubsub.bridge   : log.pubsub.bridge.child         : log.pubsub.bridge.child.watch: INFO    : send message: work finished
2017-05-17 11:12:25,000: log.pubsub.bridge   : log.pubsub.bridge.child         : log.pubsub.bridge.child.watch: DEBUG   : ru_finalize_child (NOOP)
2017-05-17 11:12:25,000: log.pubsub.bridge   : log.pubsub.bridge.child         : log.pubsub.bridge.child.watch: DEBUG   : ru_finalize_common (NOOP)
2017-05-17 11:12:25,000: log.pubsub.bridge   : log.pubsub.bridge.child         : log.pubsub.bridge.child.watch: INFO    : send message: terminating
